<?xml version="1.0" encoding="UTF-8"?>
<testsuite name="co.ceiba.domain.PersonTest" tests="1" skipped="0" failures="0" errors="0" timestamp="2017-10-20T19:57:31" hostname="JULIO-GOMEZ" time="0.007">
  <properties/>
  <testcase name="canConstructAPersonWithAName" classname="co.ceiba.domain.PersonTest" time="0.007"/>
  <system-out><![CDATA[]]></system-out>
  <system-err><![CDATA[]]></system-err>
</testsuite>
