<?xml version="1.0" encoding="UTF-8"?>
<testsuite name="co.ceiba.service.NotifyPersonServiceTest" tests="1" skipped="0" failures="0" errors="0" timestamp="2017-10-20T15:49:30" hostname="JULIO-GOMEZ" time="0.691">
  <properties/>
  <testcase name="notifyTest" classname="co.ceiba.service.NotifyPersonServiceTest" time="0.691"/>
  <system-out><![CDATA[]]></system-out>
  <system-err><![CDATA[]]></system-err>
</testsuite>
